Using pre-set license
Built from '2020.3/staging' branch; Version is '2020.3.17f1 (a4537701e4ab) revision 10769271'; Using compiler version '192528614'; Build Type 'Release'
OS: 'Windows 10 Home; OS build 19041.1165; Version 2004; 64bit' Language: 'ko' Physical Memory: 16335 MB
BatchMode: 1, IsHumanControllingUs: 0, StartBugReporterOnCrash: 0, Is64bit: 1, IsPro: 0

COMMAND LINE ARGUMENTS:
D:\2020.3.17f1\Editor\Unity.exe
-adb2
-batchMode
-noUpm
-name
AssetImportWorker0
-projectPath
C:/Users/inbae/Documents/GitHub/Unity2D/2DGame
-logFile
Logs/AssetImportWorker0.log
-srvPort
54596
Successfully changed project path to: C:/Users/inbae/Documents/GitHub/Unity2D/2DGame
C:/Users/inbae/Documents/GitHub/Unity2D/2DGame
Using Asset Import Pipeline V2.
Refreshing native plugins compatible for Editor in 52.49 ms, found 3 plugins.
Preloading 0 native plugins for Editor in 0.00 ms.
Initialize engine version: 2020.3.17f1 (a4537701e4ab)
[Subsystems] Discovering subsystems at path D:/2020.3.17f1/Editor/Data/Resources/UnitySubsystems
[Subsystems] Discovering subsystems at path C:/Users/inbae/Documents/GitHub/Unity2D/2DGame/Assets
GfxDevice: creating device client; threaded=0
Direct3D:
    Version:  Direct3D 11.0 [level 11.1]
    Renderer: NVIDIA GeForce GTX 1050 (ID=0x1c81)
    Vendor:   
    VRAM:     1977 MB
    Driver:   30.0.14.7168
Initialize mono
Mono path[0] = 'D:/2020.3.17f1/Editor/Data/Managed'
Mono path[1] = 'D:/2020.3.17f1/Editor/Data/MonoBleedingEdge/lib/mono/unityjit'
Mono config path = 'D:/2020.3.17f1/Editor/Data/MonoBleedingEdge/etc'
Using monoOptions --debugger-agent=transport=dt_socket,embedding=1,server=y,suspend=n,address=127.0.0.1:56368
Begin MonoManager ReloadAssembly
Registering precompiled unity dll's ...
Register platform support module: D:/2020.3.17f1/Editor/Data/PlaybackEngines/WindowsStandaloneSupport/UnityEditor.WindowsStandalone.Extensions.dll
Registered in 0.001520 seconds.
Native extension for WindowsStandalone target not found
Refreshing native plugins compatible for Editor in 50.00 ms, found 3 plugins.
Preloading 0 native plugins for Editor in 0.00 ms.
Mono: successfully reloaded assembly
- Completed reload, in  1.078 seconds
Domain Reload Profiling:
	ReloadAssembly (1078ms)
		BeginReloadAssembly (60ms)
			ExecutionOrderSort (0ms)
			DisableScriptedObjects (0ms)
			BackupInstance (0ms)
			ReleaseScriptingObjects (0ms)
			CreateAndSetChildDomain (1ms)
		EndReloadAssembly (486ms)
			LoadAssemblies (59ms)
			RebuildTransferFunctionScriptingTraits (0ms)
			SetupTypeCache (181ms)
			ReleaseScriptCaches (0ms)
			RebuildScriptCaches (34ms)
			SetupLoadedEditorAssemblies (200ms)
				LogAssemblyErrors (0ms)
				InitializePlatformSupportModulesInManaged (4ms)
				SetLoadedEditorAssemblies (0ms)
				RefreshPlugins (50ms)
				BeforeProcessingInitializeOnLoad (10ms)
				ProcessInitializeOnLoadAttributes (99ms)
				ProcessInitializeOnLoadMethodAttributes (36ms)
				AfterProcessingInitializeOnLoad (0ms)
				EditorAssembliesLoaded (0ms)
			ExecutionOrderSort2 (0ms)
			AwakeInstancesAfterBackupRestoration (0ms)
Platform modules already initialized, skipping
Registering precompiled user dll's ...
Registered in 0.005965 seconds.
Begin MonoManager ReloadAssembly
Native extension for WindowsStandalone target not found
Refreshing native plugins compatible for Editor in 49.43 ms, found 3 plugins.
Preloading 0 native plugins for Editor in 0.00 ms.
Mono: successfully reloaded assembly
- Completed reload, in  1.381 seconds
Domain Reload Profiling:
	ReloadAssembly (1383ms)
		BeginReloadAssembly (173ms)
			ExecutionOrderSort (0ms)
			DisableScriptedObjects (6ms)
			BackupInstance (0ms)
			ReleaseScriptingObjects (0ms)
			CreateAndSetChildDomain (23ms)
		EndReloadAssembly (1137ms)
			LoadAssemblies (108ms)
			RebuildTransferFunctionScriptingTraits (0ms)
			SetupTypeCache (342ms)
			ReleaseScriptCaches (1ms)
			RebuildScriptCaches (54ms)
			SetupLoadedEditorAssemblies (490ms)
				LogAssemblyErrors (0ms)
				InitializePlatformSupportModulesInManaged (4ms)
				SetLoadedEditorAssemblies (0ms)
				RefreshPlugins (50ms)
				BeforeProcessingInitializeOnLoad (75ms)
				ProcessInitializeOnLoadAttributes (341ms)
				ProcessInitializeOnLoadMethodAttributes (16ms)
				AfterProcessingInitializeOnLoad (3ms)
				EditorAssembliesLoaded (0ms)
			ExecutionOrderSort2 (0ms)
			AwakeInstancesAfterBackupRestoration (8ms)
Platform modules already initialized, skipping
========================================================================
Worker process is ready to serve import requests
Launched and connected shader compiler UnityShaderCompiler.exe after 0.06 seconds
Refreshing native plugins compatible for Editor in 0.56 ms, found 3 plugins.
Preloading 0 native plugins for Editor in 0.00 ms.
Unloading 2095 Unused Serialized files (Serialized files now loaded: 0)
System memory in use before: 93.2 MB.
System memory in use after: 93.3 MB.

Unloading 28 unused Assets to reduce memory usage. Loaded Objects now: 2533.
Total: 3.809800 ms (FindLiveObjects: 0.243000 ms CreateObjectMapping: 0.068200 ms MarkObjects: 3.427500 ms  DeleteObjects: 0.069700 ms)

AssetImportParameters requested are different than current active one (requested -> active):
  custom:framework-win-MediaFoundation: 216162199b28c13a410421893ffa2e32 -> 
  custom:video-decoder-ogg-theora: a1e56fd34408186e4bbccfd4996cb3dc -> 
  custom:container-muxer-webm: aa71ff27fc2769a1b78a27578f13a17b -> 
  custom:container-demuxer-webm: 4f35f7cbe854078d1ac9338744f61a02 -> 
  custom:container-demuxer-ogg: 62fdf1f143b41e24485cea50d1cbac27 -> 
  custom:video-encoder-webm-vp8: eb34c28f22e8b96e1ab97ce403110664 -> 
  custom:video-decoder-webm-vp8: 9c59270c3fd7afecdb556c50c9e8de78 -> 
  custom:audio-decoder-ogg-vorbis: bf7c407c2cedff20999df2af8eb42d56 -> 
  custom:audio-encoder-webm-vorbis: bf7c407c2cedff20999df2af8eb42d56 -> 
========================================================================
Received Import Request.
  path: Assets/Simple 2D Platformer BE2/Sprites/New Palette 1.prefab
  artifactKey: Guid(c0e2f71530f8acc44afc7f1276ec3eae) Importer(815301076,1909f56bfc062723c751e8b465ee728b)
Start importing Assets/Simple 2D Platformer BE2/Sprites/New Palette 1.prefab using Guid(c0e2f71530f8acc44afc7f1276ec3eae) Importer(815301076,1909f56bfc062723c751e8b465ee728b)  -> (artifact id: 'aae2aa375ad4d621186c64951f2fccb3') in 0.124249 seconds 
  Import took 0.128046 seconds .

========================================================================
Received Import Request.
  Time since last request: 86.673337 seconds.
  path: Assets/Simple 2D Platformer BE2/TileMap/MAP.prefab
  artifactKey: Guid(2def283d43915824796c264a1909b323) Importer(815301076,1909f56bfc062723c751e8b465ee728b)
Start importing Assets/Simple 2D Platformer BE2/TileMap/MAP.prefab using Guid(2def283d43915824796c264a1909b323) Importer(815301076,1909f56bfc062723c751e8b465ee728b)  -> (artifact id: '85797d333510ea40aa14fa894f01e221') in 0.018541 seconds 
  Import took 0.022412 seconds .

========================================================================
Received Import Request.
  Time since last request: 0.000185 seconds.
  path: Assets/Simple 2D Platformer BE2/TileMap/Objects_0.asset
  artifactKey: Guid(1b0051cd1fdd6d745842124c8e1cd133) Importer(815301076,1909f56bfc062723c751e8b465ee728b)
Start importing Assets/Simple 2D Platformer BE2/TileMap/Objects_0.asset using Guid(1b0051cd1fdd6d745842124c8e1cd133) Importer(815301076,1909f56bfc062723c751e8b465ee728b)  -> (artifact id: 'c1caf2b42cfe2a9e20f2a30501a8cdae') in 0.029843 seconds 
  Import took 0.033292 seconds .

========================================================================
Received Import Request.
  Time since last request: 0.000218 seconds.
  path: Assets/Simple 2D Platformer BE2/TileMap/Objects_1.asset
  artifactKey: Guid(e5360374944281643a779f0caf913cd5) Importer(815301076,1909f56bfc062723c751e8b465ee728b)
Start importing Assets/Simple 2D Platformer BE2/TileMap/Objects_1.asset using Guid(e5360374944281643a779f0caf913cd5) Importer(815301076,1909f56bfc062723c751e8b465ee728b)  -> (artifact id: 'c513785b6541c656a39bb9f01683da3e') in 0.013192 seconds 
  Import took 0.016652 seconds .

========================================================================
Received Import Request.
  Time since last request: 14.363101 seconds.
  path: Assets/Simple 2D Platformer BE2/TileMap/MAP.prefab
  artifactKey: Guid(2def283d43915824796c264a1909b323) Importer(815301076,1909f56bfc062723c751e8b465ee728b)
Start importing Assets/Simple 2D Platformer BE2/TileMap/MAP.prefab using Guid(2def283d43915824796c264a1909b323) Importer(815301076,1909f56bfc062723c751e8b465ee728b)  -> (artifact id: '9f566d9deca97e1d7ca9f87f41b268fa') in 0.024031 seconds 
  Import took 0.027950 seconds .

========================================================================
Received Import Request.
  Time since last request: 17.208659 seconds.
  path: Assets/Simple 2D Platformer BE2/TileMap/MAP.prefab
  artifactKey: Guid(2def283d43915824796c264a1909b323) Importer(815301076,1909f56bfc062723c751e8b465ee728b)
Start importing Assets/Simple 2D Platformer BE2/TileMap/MAP.prefab using Guid(2def283d43915824796c264a1909b323) Importer(815301076,1909f56bfc062723c751e8b465ee728b)  -> (artifact id: '9c801d7e117de48aab2bc6740bc12ee8') in 0.011262 seconds 
  Import took 0.015124 seconds .

========================================================================
Received Import Request.
  Time since last request: 31.087848 seconds.
  path: Assets/Simple 2D Platformer BE2/TileMap/MAP.prefab
  artifactKey: Guid(2def283d43915824796c264a1909b323) Importer(815301076,1909f56bfc062723c751e8b465ee728b)
Start importing Assets/Simple 2D Platformer BE2/TileMap/MAP.prefab using Guid(2def283d43915824796c264a1909b323) Importer(815301076,1909f56bfc062723c751e8b465ee728b)  -> (artifact id: '7875c23a83b182b4359bfef45a193675') in 0.017632 seconds 
  Import took 0.021830 seconds .

========================================================================
Received Import Request.
  Time since last request: 5.500420 seconds.
  path: Assets/Simple 2D Platformer BE2/TileMap/MAP.prefab
  artifactKey: Guid(2def283d43915824796c264a1909b323) Importer(815301076,1909f56bfc062723c751e8b465ee728b)
Start importing Assets/Simple 2D Platformer BE2/TileMap/MAP.prefab using Guid(2def283d43915824796c264a1909b323) Importer(815301076,1909f56bfc062723c751e8b465ee728b)  -> (artifact id: '52876a109f232c9043afff2bd6405502') in 0.017745 seconds 
  Import took 0.021818 seconds .

========================================================================
Received Import Request.
  Time since last request: 1.291800 seconds.
  path: Assets/Simple 2D Platformer BE2/TileMap/MAP.prefab
  artifactKey: Guid(2def283d43915824796c264a1909b323) Importer(815301076,1909f56bfc062723c751e8b465ee728b)
Start importing Assets/Simple 2D Platformer BE2/TileMap/MAP.prefab using Guid(2def283d43915824796c264a1909b323) Importer(815301076,1909f56bfc062723c751e8b465ee728b)  -> (artifact id: 'e3c727b9974b2918bafe3fc27d4b0f00') in 0.017530 seconds 
  Import took 0.021590 seconds .

========================================================================
Received Import Request.
  Time since last request: 18.234331 seconds.
  path: Assets/Simple 2D Platformer BE2/TileMap/MAP.prefab
  artifactKey: Guid(2def283d43915824796c264a1909b323) Importer(815301076,1909f56bfc062723c751e8b465ee728b)
Start importing Assets/Simple 2D Platformer BE2/TileMap/MAP.prefab using Guid(2def283d43915824796c264a1909b323) Importer(815301076,1909f56bfc062723c751e8b465ee728b)  -> (artifact id: '367775be37e7cd8c28fd88cae3a57556') in 0.017454 seconds 
  Import took 0.021516 seconds .

========================================================================
Received Import Request.
  Time since last request: 26.800114 seconds.
  path: Assets/Simple 2D Platformer BE2/TileMap/MAP.prefab
  artifactKey: Guid(2def283d43915824796c264a1909b323) Importer(815301076,1909f56bfc062723c751e8b465ee728b)
Start importing Assets/Simple 2D Platformer BE2/TileMap/MAP.prefab using Guid(2def283d43915824796c264a1909b323) Importer(815301076,1909f56bfc062723c751e8b465ee728b)  -> (artifact id: '3a7146bc44859f835416245badfc9e87') in 0.017353 seconds 
  Import took 0.021250 seconds .

========================================================================
Received Import Request.
  Time since last request: 99.236077 seconds.
  path: Assets/Simple 2D Platformer BE2/Sprites/Objects.png
  artifactKey: Guid(f73dfe034c22cfc41bd7e8799020a5ac) Importer(815301076,1909f56bfc062723c751e8b465ee728b)
Start importing Assets/Simple 2D Platformer BE2/Sprites/Objects.png using Guid(f73dfe034c22cfc41bd7e8799020a5ac) Importer(815301076,1909f56bfc062723c751e8b465ee728b)  -> (artifact id: 'e1b749984219529da14c28a9e35e9e7c') in 0.066404 seconds 
  Import took 0.070171 seconds .

========================================================================
Received Import Request.
  Time since last request: 3.223254 seconds.
  path: Assets/Simple 2D Platformer BE2/Sprites/Objects.asset
  artifactKey: Guid(6be98c405235993449d3245599670e90) Importer(815301076,1909f56bfc062723c751e8b465ee728b)
Start importing Assets/Simple 2D Platformer BE2/Sprites/Objects.asset using Guid(6be98c405235993449d3245599670e90) Importer(815301076,1909f56bfc062723c751e8b465ee728b)  -> (artifact id: '70065f180fa38b9ee2b592f6d54f5dfa') in 0.009874 seconds 
  Import took 0.013732 seconds .

========================================================================
Received Import Request.
  Time since last request: 90.354962 seconds.
  path: Assets/Simple 2D Platformer BE2/Sprites/Objects.png
  artifactKey: Guid(f73dfe034c22cfc41bd7e8799020a5ac) Importer(815301076,1909f56bfc062723c751e8b465ee728b)
Start importing Assets/Simple 2D Platformer BE2/Sprites/Objects.png using Guid(f73dfe034c22cfc41bd7e8799020a5ac) Importer(815301076,1909f56bfc062723c751e8b465ee728b)  -> (artifact id: 'bf31e1b83461d6432ebc22c4b5400720') in 0.009624 seconds 
  Import took 0.013321 seconds .

========================================================================
Received Import Request.
  Time since last request: 0.043466 seconds.
  path: Assets/Simple 2D Platformer BE2/Sprites/Objects.png
  artifactKey: Guid(f73dfe034c22cfc41bd7e8799020a5ac) Importer(815301076,1909f56bfc062723c751e8b465ee728b)
Start importing Assets/Simple 2D Platformer BE2/Sprites/Objects.png using Guid(f73dfe034c22cfc41bd7e8799020a5ac) Importer(815301076,1909f56bfc062723c751e8b465ee728b)  -> (artifact id: 'bf31e1b83461d6432ebc22c4b5400720') in 0.009903 seconds 
  Import took 0.013774 seconds .

========================================================================
Received Import Request.
  Time since last request: 40.018205 seconds.
  path: Assets/Simple 2D Platformer BE2/Sprites/Objects.png
  artifactKey: Guid(f73dfe034c22cfc41bd7e8799020a5ac) Importer(815301076,1909f56bfc062723c751e8b465ee728b)
Start importing Assets/Simple 2D Platformer BE2/Sprites/Objects.png using Guid(f73dfe034c22cfc41bd7e8799020a5ac) Importer(815301076,1909f56bfc062723c751e8b465ee728b)  -> (artifact id: '583a8b58c080ff7fb932e4d5a2605c21') in 0.012856 seconds 
  Import took 0.017410 seconds .

========================================================================
Received Import Request.
  Time since last request: 25.496461 seconds.
  path: Assets/Simple 2D Platformer BE2/Sprites/Objects.png
  artifactKey: Guid(f73dfe034c22cfc41bd7e8799020a5ac) Importer(815301076,1909f56bfc062723c751e8b465ee728b)
Start importing Assets/Simple 2D Platformer BE2/Sprites/Objects.png using Guid(f73dfe034c22cfc41bd7e8799020a5ac) Importer(815301076,1909f56bfc062723c751e8b465ee728b)  -> (artifact id: '08fbfdce65b7091006ba34400e9d7bf1') in 0.010213 seconds 
  Import took 0.014010 seconds .

========================================================================
Received Import Request.
  Time since last request: 9.691574 seconds.
  path: Assets/Scenes
  artifactKey: Guid(5a2e3f393448f408a915117ce5100903) Importer(815301076,1909f56bfc062723c751e8b465ee728b)
Start importing Assets/Scenes using Guid(5a2e3f393448f408a915117ce5100903) Importer(815301076,1909f56bfc062723c751e8b465ee728b)  -> (artifact id: '95518ba9322f879a65578783fa7cea83') in 0.007445 seconds 
  Import took 0.011100 seconds .

========================================================================
Received Import Request.
  Time since last request: 3.065675 seconds.
  path: Assets/Simple 2D Platformer BE2
  artifactKey: Guid(4c5c866769b7946bfb4c8e21862a9ef8) Importer(815301076,1909f56bfc062723c751e8b465ee728b)
Start importing Assets/Simple 2D Platformer BE2 using Guid(4c5c866769b7946bfb4c8e21862a9ef8) Importer(815301076,1909f56bfc062723c751e8b465ee728b)  -> (artifact id: '5a7bb48ad3082884b5eae446f06e6df4') in 0.007690 seconds 
  Import took 0.011385 seconds .

========================================================================
Received Import Request.
  Time since last request: 8.975817 seconds.
  path: Assets/Simple 2D Platformer BE2/TileMap/MAP.prefab
  artifactKey: Guid(2def283d43915824796c264a1909b323) Importer(815301076,1909f56bfc062723c751e8b465ee728b)
Start importing Assets/Simple 2D Platformer BE2/TileMap/MAP.prefab using Guid(2def283d43915824796c264a1909b323) Importer(815301076,1909f56bfc062723c751e8b465ee728b)  -> (artifact id: 'fe52f3151a169d3ec7a6455875221524') in 0.016398 seconds 
  Import took 0.020325 seconds .

========================================================================
Received Import Request.
  Time since last request: 5.787215 seconds.
  path: Assets/Simple 2D Platformer BE2/TileMap/MAP.prefab
  artifactKey: Guid(2def283d43915824796c264a1909b323) Importer(815301076,1909f56bfc062723c751e8b465ee728b)
Start importing Assets/Simple 2D Platformer BE2/TileMap/MAP.prefab using Guid(2def283d43915824796c264a1909b323) Importer(815301076,1909f56bfc062723c751e8b465ee728b)  -> (artifact id: '6cd288838277b8ee398c8645e5133f24') in 0.017892 seconds 
  Import took 0.022037 seconds .

========================================================================
Received Import Request.
  Time since last request: 2.519500 seconds.
  path: Assets/Simple 2D Platformer BE2/TileMap/MAP.prefab
  artifactKey: Guid(2def283d43915824796c264a1909b323) Importer(815301076,1909f56bfc062723c751e8b465ee728b)
Start importing Assets/Simple 2D Platformer BE2/TileMap/MAP.prefab using Guid(2def283d43915824796c264a1909b323) Importer(815301076,1909f56bfc062723c751e8b465ee728b)  -> (artifact id: '1d1b551c20a6eb00d1cc35d0882b1e72') in 0.016937 seconds 
  Import took 0.020892 seconds .

========================================================================
Received Import Request.
  Time since last request: 1.899645 seconds.
  path: Assets/Simple 2D Platformer BE2/TileMap/MAP.prefab
  artifactKey: Guid(2def283d43915824796c264a1909b323) Importer(815301076,1909f56bfc062723c751e8b465ee728b)
Start importing Assets/Simple 2D Platformer BE2/TileMap/MAP.prefab using Guid(2def283d43915824796c264a1909b323) Importer(815301076,1909f56bfc062723c751e8b465ee728b)  -> (artifact id: '5f3bbcb4bebe7cbdd5f45be0ec1b63c1') in 0.016621 seconds 
  Import took 0.020578 seconds .

========================================================================
Received Import Request.
  Time since last request: 14.866406 seconds.
  path: Assets/Simple 2D Platformer BE2/TileMap/MAP.prefab
  artifactKey: Guid(2def283d43915824796c264a1909b323) Importer(815301076,1909f56bfc062723c751e8b465ee728b)
Start importing Assets/Simple 2D Platformer BE2/TileMap/MAP.prefab using Guid(2def283d43915824796c264a1909b323) Importer(815301076,1909f56bfc062723c751e8b465ee728b)  -> (artifact id: 'b7c6147729e4750ea54bea80acf2811b') in 0.017049 seconds 
  Import took 0.020930 seconds .

========================================================================
Received Import Request.
  Time since last request: 9.524980 seconds.
  path: Assets/Simple 2D Platformer BE2/TileMap/MAP.prefab
  artifactKey: Guid(2def283d43915824796c264a1909b323) Importer(815301076,1909f56bfc062723c751e8b465ee728b)
Start importing Assets/Simple 2D Platformer BE2/TileMap/MAP.prefab using Guid(2def283d43915824796c264a1909b323) Importer(815301076,1909f56bfc062723c751e8b465ee728b)  -> (artifact id: '84b77755cb212f7cbac82359bcf147b5') in 0.016800 seconds 
  Import took 0.020736 seconds .

========================================================================
Received Import Request.
  Time since last request: 1.787918 seconds.
  path: Assets/Simple 2D Platformer BE2/TileMap/MAP.prefab
  artifactKey: Guid(2def283d43915824796c264a1909b323) Importer(815301076,1909f56bfc062723c751e8b465ee728b)
Start importing Assets/Simple 2D Platformer BE2/TileMap/MAP.prefab using Guid(2def283d43915824796c264a1909b323) Importer(815301076,1909f56bfc062723c751e8b465ee728b)  -> (artifact id: 'aab3c67c3144585412436216b933880a') in 0.016945 seconds 
  Import took 0.020930 seconds .

========================================================================
Received Import Request.
  Time since last request: 5.125949 seconds.
  path: Assets/Simple 2D Platformer BE2/TileMap/MAP.prefab
  artifactKey: Guid(2def283d43915824796c264a1909b323) Importer(815301076,1909f56bfc062723c751e8b465ee728b)
Start importing Assets/Simple 2D Platformer BE2/TileMap/MAP.prefab using Guid(2def283d43915824796c264a1909b323) Importer(815301076,1909f56bfc062723c751e8b465ee728b)  -> (artifact id: '4c0205f4a6743b62a9707cba4af4b501') in 0.017922 seconds 
  Import took 0.021881 seconds .

========================================================================
Received Import Request.
  Time since last request: 0.926802 seconds.
  path: Assets/Simple 2D Platformer BE2/TileMap/MAP.prefab
  artifactKey: Guid(2def283d43915824796c264a1909b323) Importer(815301076,1909f56bfc062723c751e8b465ee728b)
Start importing Assets/Simple 2D Platformer BE2/TileMap/MAP.prefab using Guid(2def283d43915824796c264a1909b323) Importer(815301076,1909f56bfc062723c751e8b465ee728b)  -> (artifact id: 'a709bd3cb2958bbfbac9ceec73d9f955') in 0.017151 seconds 
  Import took 0.021100 seconds .

========================================================================
Received Import Request.
  Time since last request: 0.917276 seconds.
  path: Assets/Simple 2D Platformer BE2/TileMap/MAP.prefab
  artifactKey: Guid(2def283d43915824796c264a1909b323) Importer(815301076,1909f56bfc062723c751e8b465ee728b)
Start importing Assets/Simple 2D Platformer BE2/TileMap/MAP.prefab using Guid(2def283d43915824796c264a1909b323) Importer(815301076,1909f56bfc062723c751e8b465ee728b)  -> (artifact id: '97b56579efe9647165aa171a18847c3f') in 0.018300 seconds 
  Import took 0.022343 seconds .

========================================================================
Received Import Request.
  Time since last request: 1.137987 seconds.
  path: Assets/Simple 2D Platformer BE2/TileMap/MAP.prefab
  artifactKey: Guid(2def283d43915824796c264a1909b323) Importer(815301076,1909f56bfc062723c751e8b465ee728b)
Start importing Assets/Simple 2D Platformer BE2/TileMap/MAP.prefab using Guid(2def283d43915824796c264a1909b323) Importer(815301076,1909f56bfc062723c751e8b465ee728b)  -> (artifact id: '1123631d253415d5d4087e544b19b129') in 0.018711 seconds 
  Import took 0.022856 seconds .

========================================================================
Received Import Request.
  Time since last request: 3.615080 seconds.
  path: Assets/Simple 2D Platformer BE2/TileMap/MAP.prefab
  artifactKey: Guid(2def283d43915824796c264a1909b323) Importer(815301076,1909f56bfc062723c751e8b465ee728b)
Start importing Assets/Simple 2D Platformer BE2/TileMap/MAP.prefab using Guid(2def283d43915824796c264a1909b323) Importer(815301076,1909f56bfc062723c751e8b465ee728b)  -> (artifact id: 'f85dc5eccc01f6eb577f3a97c450ee98') in 0.016754 seconds 
  Import took 0.020665 seconds .

========================================================================
Received Import Request.
  Time since last request: 1.378041 seconds.
  path: Assets/Simple 2D Platformer BE2/TileMap/MAP.prefab
  artifactKey: Guid(2def283d43915824796c264a1909b323) Importer(815301076,1909f56bfc062723c751e8b465ee728b)
Start importing Assets/Simple 2D Platformer BE2/TileMap/MAP.prefab using Guid(2def283d43915824796c264a1909b323) Importer(815301076,1909f56bfc062723c751e8b465ee728b)  -> (artifact id: '5d720cce5d9bec7b3a39e2925a03208a') in 0.017167 seconds 
  Import took 0.021061 seconds .

AssetImportWorkerClient::OnTransportError - code=2 error=End of file
